<?xml version="1.0" encoding="UTF-8" ?>
<testsuite tests="5" failures="0" name="com.mycompany.tarea2.Tarea2Test" time="0.004" errors="0" skipped="0">
  <properties>
[...]
</properties>
  <testcase classname="com.mycompany.tarea2.Tarea2Test" name="testObtenerAccion_a" time="0.004"/>
  <testcase classname="com.mycompany.tarea2.Tarea2Test" name="testObtenerAccion_b" time="0"/>
  <testcase classname="com.mycompany.tarea2.Tarea2Test" name="testObtenerAccion_c" time="0"/>
  <testcase classname="com.mycompany.tarea2.Tarea2Test" name="testObtenerAccion_d" time="0"/>
  <testcase classname="com.mycompany.tarea2.Tarea2Test" name="testObtenerAccion_e" time="0"/>
</testsuite>